<?xml version="1.0" encoding="UTF-8"?>
<testng-results skipped="0" failed="0" total="1" passed="1">
  <reporter-output>
  </reporter-output>
  <suite name="Suite" duration-ms="26200" started-at="2019-05-27T09:53:08Z" finished-at="2019-05-27T09:53:34Z">
    <groups>
    </groups>
    <test name="Test" duration-ms="26200" started-at="2019-05-27T09:53:08Z" finished-at="2019-05-27T09:53:34Z">
      <class name="test.NewTest">
        <test-method status="PASS" signature="beforeClass()[pri:0, instance:test.NewTest@29ee9faa]" name="beforeClass" is-config="true" duration-ms="4432" started-at="2019-05-27T15:23:08Z" finished-at="2019-05-27T15:23:13Z">
          <reporter-output>
          </reporter-output>
        </test-method> <!-- beforeClass -->
        <test-method status="PASS" signature="openMyBlog()[pri:0, instance:test.NewTest@29ee9faa]" name="openMyBlog" duration-ms="20610" started-at="2019-05-27T15:23:13Z" finished-at="2019-05-27T15:23:33Z">
          <reporter-output>
          </reporter-output>
        </test-method> <!-- openMyBlog -->
        <test-method status="PASS" signature="afterClass()[pri:0, instance:test.NewTest@29ee9faa]" name="afterClass" is-config="true" duration-ms="1136" started-at="2019-05-27T15:23:33Z" finished-at="2019-05-27T15:23:34Z">
          <reporter-output>
          </reporter-output>
        </test-method> <!-- afterClass -->
      </class> <!-- test.NewTest -->
    </test> <!-- Test -->
  </suite> <!-- Suite -->
</testng-results>
